#Loading files in folder: source/ 
#Loading databases.R |OK.
#Loading formparser.R |OK.
#Loading functions.r |OK.
#Loading tab_database |OK.
#Loading tab_fileupload |OK.
#Loading tab_help |OK.
#Loading tab_QC |OK.
#Loading tab_run |OK.
#Loading tab_sample |OK.
#!Table creation failed, maybe the table already exists. 
#Loading files in folder: source/ 
#Loading databases.R |OK.
#Loading formparser.R |OK.
#Loading functions.r |OK.
#Loading tab_database |OK.
#Loading tab_fileupload |OK.
#Loading tab_help |OK.
#Loading tab_QC |OK.
#Loading tab_run |OK.
#Loading tab_sample |OK.
#!Table creation failed, maybe the table already exists. 
#Loading files in folder: source/ 
#Loading databases.R |OK.
#Loading formparser.R |OK.
#Loading functions.r |OK.
#Loading tab_database |OK.
#Loading tab_fileupload |OK.
#Loading tab_help |OK.
#Loading tab_QC |OK.
#Loading tab_run |OK.
#Loading tab_sample |OK.
#!Table creation failed, maybe the table already exists. 
#Loading files in folder: source/ 
#Loading databases.R |OK.
#Loading formparser.R |OK.
#Loading functions.r |OK.
#Loading tab_database |OK.
#Loading tab_fileupload |OK.
#Loading tab_help |OK.
#Loading tab_QC |OK.
#Loading tab_run |OK.
#Loading tab_sample |OK.
#!Table creation failed, maybe the table already exists. 
#Loading files in folder: source/ 
#Loading databases.R |OK.
#Loading formparser.R |OK.
#Loading functions.r |OK.
#Loading tab_database |OK.
#Loading tab_fileupload |OK.
#Loading tab_help |OK.
#Loading tab_QC |OK.
#Loading tab_run |OK.
#Loading tab_sample |OK.
#!Table creation failed, maybe the table already exists. 
#Loading files in folder: source/ 
#Loading databases.R |OK.
#Loading formparser.R |OK.
#Loading functions.r |OK.
#Loading tab_database |OK.
#Loading tab_fileupload |OK.
#Loading tab_help |OK.
#Loading tab_QC |OK.
#Loading tab_run |OK.
#Loading tab_sample |OK.
#!Table creation failed, maybe the table already exists. 
#Loading files in folder: source/ 
#Loading databases.R |OK.
#Loading formparser.R |OK.
#Loading functions.r |OK.
#Loading tab_database |OK.
#Loading tab_fileupload |OK.
#Loading tab_help |OK.
#Loading tab_QC |OK.
#Loading tab_run |OK.
#Loading tab_sample |OK.
#!Table creation failed, maybe the table already exists. 
